-------------------------------------------------------------------------------
Test set: sk.stuba.fei.uim.vsa.pr1.TeacherTest
-------------------------------------------------------------------------------
Tests run: 6, Failures: 3, Errors: 0, Skipped: 0, Time elapsed: 1.832 s <<< FAILURE! - in sk.stuba.fei.uim.vsa.pr1.TeacherTest
TE03_shouldGetAllTeachers  Time elapsed: 0.111 s  <<< FAILURE!
org.opentest4j.AssertionFailedError: expected: <2> but was: <1>
	at sk.stuba.fei.uim.vsa.pr1.TeacherTest.TE03_shouldGetAllTeachers(TeacherTest.java:90)

TE06_emailShouldBeUnique  Time elapsed: 0.111 s  <<< FAILURE!
org.opentest4j.AssertionFailedError: expected: <null> but was: <Teacher(aisId=999234, name=Test-Teacher the Second, email=test.teacher@stuba.sk, institute=Mathematics, department=Mathematics, supervisedTheses=null)>
	at sk.stuba.fei.uim.vsa.pr1.TeacherTest.TE06_emailShouldBeUnique(TeacherTest.java:157)

TE01_shouldCreateTeacher  Time elapsed: 0.06 s  <<< FAILURE!
org.opentest4j.AssertionFailedError: expected: not <null>
	at sk.stuba.fei.uim.vsa.pr1.TeacherTest.TE01_shouldCreateTeacher(TeacherTest.java:59)

---------------------------------------------------------------------
 
-------------------------------------------------------------------------------
Test set: sk.stuba.fei.uim.vsa.pr1.ThesisTest
-------------------------------------------------------------------------------
Tests run: 11, Failures: 7, Errors: 0, Skipped: 0, Time elapsed: 3.846 s <<< FAILURE! - in sk.stuba.fei.uim.vsa.pr1.ThesisTest
TH09_shouldUpdateThesis  Time elapsed: 0.006 s  <<< FAILURE!
org.opentest4j.AssertionFailedError: expected: not <null>
	at sk.stuba.fei.uim.vsa.pr1.ThesisTest.TH09_shouldUpdateThesis(ThesisTest.java:303)

TH10_shouldDeleteThesisWithTeacher  Time elapsed: 0.123 s  <<< FAILURE!
org.opentest4j.AssertionFailedError: expected: <null> but was: <Thesis(id=1, registrationNumber=FEI-42180, title=Excellent Simple Bachelor Thesis, description=Some description of the thesis, department=Software engineering, supervisor=Teacher(aisId=80123, name=Test-Teacher, email=test.teacher@stuba.sk, institute=Software engineering, department=Software engineering, supervisedTheses=[]), author=null, publishedOn=Tue Apr 11 00:00:00 UTC 2023, deadline=Tue Jul 11 00:00:00 UTC 2023, type=BACHELOR, status=FREE_TO_TAKE)>
	at sk.stuba.fei.uim.vsa.pr1.ThesisTest.TH10_shouldDeleteThesisWithTeacher(ThesisTest.java:354)

TH11_shouldDeleteThesisButNotStudent  Time elapsed: 0.064 s  <<< FAILURE!
org.opentest4j.AssertionFailedError: expected: not <null>
	at sk.stuba.fei.uim.vsa.pr1.ThesisTest.TH11_shouldDeleteThesisButNotStudent(ThesisTest.java:360)

TH05_shouldGetAllTheses  Time elapsed: 0.074 s  <<< FAILURE!
org.opentest4j.AssertionFailedError: expected: not <null>
	at sk.stuba.fei.uim.vsa.pr1.ThesisTest.TH05_shouldGetAllTheses(ThesisTest.java:199)

TH04_shouldDeleteThesis  Time elapsed: 0.022 s  <<< FAILURE!
org.opentest4j.AssertionFailedError: expected: not <null>
	at sk.stuba.fei.uim.vsa.pr1.ThesisTest.TH04_shouldDeleteThesis(ThesisTest.java:176)

TH06_shouldGetAllThesesByTeacher  Time elapsed: 0.007 s  <<< FAILURE!
org.opentest4j.AssertionFailedError: expected: not <null>
	at sk.stuba.fei.uim.vsa.pr1.ThesisTest.TH06_shouldGetAllThesesByTeacher(ThesisTest.java:219)

TH01_shouldCreateThesisAssignment  Time elapsed: 0.023 s  <<< FAILURE!
org.opentest4j.AssertionFailedError: expected: not <null>
	at sk.stuba.fei.uim.vsa.pr1.ThesisTest.TH01_shouldCreateThesisAssignment(ThesisTest.java:72)

---------------------------------------------------------------------
 
-------------------------------------------------------------------------------
Test set: sk.stuba.fei.uim.vsa.pr1.SanityCheckTest
-------------------------------------------------------------------------------
Tests run: 3, Failures: 0, Errors: 0, Skipped: 0, Time elapsed: 1.744 s - in sk.stuba.fei.uim.vsa.pr1.SanityCheckTest
---------------------------------------------------------------------
 
-------------------------------------------------------------------------------
Test set: sk.stuba.fei.uim.vsa.pr1.StudentTest
-------------------------------------------------------------------------------
Tests run: 6, Failures: 1, Errors: 0, Skipped: 0, Time elapsed: 0.741 s <<< FAILURE! - in sk.stuba.fei.uim.vsa.pr1.StudentTest
ST02_shouldGetStudent  Time elapsed: 0.038 s  <<< FAILURE!
org.opentest4j.AssertionFailedError: expected: not <null>
	at sk.stuba.fei.uim.vsa.pr1.StudentTest.ST02_shouldGetStudent(StudentTest.java:68)

---------------------------------------------------------------------
 
