-------------------------------------------------------------------------------
Test set: sk.stuba.fei.uim.vsa.pr1.bonus.PageableTest
-------------------------------------------------------------------------------
Tests run: 1, Failures: 1, Errors: 0, Skipped: 0, Time elapsed: 0.613 s <<< FAILURE! - in sk.stuba.fei.uim.vsa.pr1.bonus.PageableTest
sk.stuba.fei.uim.vsa.pr1.bonus.PageableTest  Time elapsed: 0.612 s  <<< FAILURE!
org.opentest4j.AssertionFailedError: expected: not <null>
	at sk.stuba.fei.uim.vsa.pr1.bonus.PageableTest.setup(PageableTest.java:38)

---------------------------------------------------------------------
 
